Please enter the names of the players:

Please enter the names of the players:

Turn Number: 1
k: [1]
z: [1]
m: [1]
s: [1]
Insert command: 
Turn Number: 1
k: [1, 2]
z: [1, 1]
m: [1, 1]
s: [1, 1]
Insert command: 
Turn Number: 2
k: [1, 2]
z: [1, 1]
m: [1, 1]
s: [1, 1]
Insert command: 
Turn Number: 3
k: [1, 2]
z: [1, 1]
m: [1, 1]
s: [1, 1]
Insert command: 
Turn Number: 3
k: [1, 2, 2]
z: [1, 1, 2]
m: [1, 1, 1]
s: [1, 1, 1]
Insert command: 
Turn Number: 4
k: [1, 2, 2]
z: [1, 1, 2]
m: [1, 1, 1]
s: [1, 1, 1]
Insert command: 
Turn Number: 4
k: [1, 2, 2, 2]
z: [1, 1, 2, 2]
m: [1, 1, 1, 1]
s: [1, 1, 1, 2]
Insert command: 
Turn Number: 5
k: [1, 2, 2, 2]
z: [1, 1, 2, 2]
m: [1, 1, 1, 1]
s: [1, 1, 1, 2]
Insert command: 
Turn Number: 5
k: [1, 2, 2, 2, 3]
z: [1, 1, 2, 2, 2]
m: [1, 1, 1, 1, 1]
s: [1, 1, 1, 2, 2]
Insert command: 
Turn Number: 5
k: [1, 2, 2, 2, 3, 3]
z: [1, 1, 2, 2, 2, 2]
m: [1, 1, 1, 1, 1, 2]
s: [1, 1, 1, 2, 2, 3]
Insert command: 
Turn Number: 6
k: [1, 2, 2, 2, 3, 3]
z: [1, 1, 2, 2, 2, 2]
m: [1, 1, 1, 1, 1, 2]
s: [1, 1, 1, 2, 2, 3]
Insert command: 
Somebody reached level 10 or above! Are you sure? [y/n]: 
GAME OVER! The winner is k
Please enter the names of the players:

Turn Number: 1
k: [1]
z: [1]
s: [1]
m: [1]
1: [1]
Insert command: 
Turn Number: 1
k: [1, 2]
z: [1, 1]
s: [1, 1]
m: [1, 1]
1: [1, 1]
Insert command: 
Turn Number: 2
k: [1, 2]
z: [1, 1]
s: [1, 1]
m: [1, 1]
1: [1, 1]
Insert command: 
Turn Number: 2
k: [1, 2, 2]
z: [1, 1, 1]
s: [1, 1, 1]
m: [1, 1, 2]
1: [1, 1, 1]
Insert command: 
Turn Number: 3
k: [1, 2, 2]
z: [1, 1, 1]
s: [1, 1, 1]
m: [1, 1, 2]
1: [1, 1, 1]
Insert command: 
Turn Number: 3
k: [1, 2, 2, 2]
z: [1, 1, 1, 1]
s: [1, 1, 1, 3]
m: [1, 1, 2, 2]
1: [1, 1, 1, 1]
Insert command: 
Turn Number: 4
k: [1, 2, 2, 2]
z: [1, 1, 1, 1]
s: [1, 1, 1, 3]
m: [1, 1, 2, 2]
1: [1, 1, 1, 1]
Insert command: 
Turn Number: 4
k: [1, 2, 2, 2, 3]
z: [1, 1, 1, 1, 1]
s: [1, 1, 1, 3, 3]
m: [1, 1, 2, 2, 2]
1: [1, 1, 1, 1, 1]
Insert command: 
Turn Number: 4
k: [1, 2, 2, 2, 3, 3]
z: [1, 1, 1, 1, 1, 2]
s: [1, 1, 1, 3, 3, 3]
m: [1, 1, 2, 2, 2, 2]
1: [1, 1, 1, 1, 1, 1]
Insert command: 
Somebody reached level 10 or above! Are you sure? [y/n]: 
GAME OVER! The winner is k
Please enter the names of the players:

Please enter the names of the players:

Turn Number: 1
k: [1]
z: [1]
s: [1]
m: [1]
Insert command: 
Turn Number: 1
k: [1, 2]
z: [1, 1]
s: [1, 1]
m: [1, 1]
Insert command: 
Somebody reached level 10 or above! Are you sure? [y/n]: 
GAME OVER! The winner is k
Please enter the names of the players:

Turn Number: 1
k: [1]
z: [1]
s: [1]
m: [1]
Insert command: 
Turn Number: 1
k: [1, 2]
z: [1, 1]
s: [1, 1]
m: [1, 1]
Insert command: 
Turn Number: 2
k: [1, 2]
z: [1, 1]
s: [1, 1]
m: [1, 1]
Insert command: 
Turn Number: 2
k: [1, 2, 2]
z: [1, 1, 1]
s: [1, 1, 2]
m: [1, 1, 1]
Insert command: 
Turn Number: 3
k: [1, 2, 2]
z: [1, 1, 1]
s: [1, 1, 2]
m: [1, 1, 1]
Insert command: 
Turn Number: 4
k: [1, 2, 2]
z: [1, 1, 1]
s: [1, 1, 2]
m: [1, 1, 1]
Insert command: 
Turn Number: 4
k: [1, 2, 2, 2]
z: [1, 1, 1, 2]
s: [1, 1, 2, 2]
m: [1, 1, 1, 1]
Insert command: 
Turn Number: 5
k: [1, 2, 2, 2]
z: [1, 1, 1, 2]
s: [1, 1, 2, 2]
m: [1, 1, 1, 1]
Insert command: 
Turn Number: 5
k: [1, 2, 2, 2, 4]
z: [1, 1, 1, 2, 2]
s: [1, 1, 2, 2, 2]
m: [1, 1, 1, 1, 1]
Insert command: 
Turn Number: 5
k: [1, 2, 2, 2]
z: [1, 1, 1, 2]
s: [1, 1, 2, 2]
m: [1, 1, 1, 1]
Insert command: 
Turn Number: 4
k: [1, 2, 2, 2]
z: [1, 1, 1, 2]
s: [1, 1, 2, 2]
m: [1, 1, 1, 1]
Insert command: 
Please enter the names of the players:

Turn Number: 1
k: [1]
z: [1]
m: [1]
s: [1]
Insert command: 
something went wrong
Turn Number: 1
k: [1]
z: [1]
m: [1]
s: [1]
Insert command: 
something went wrong
Turn Number: 1
k: [1]
z: [1]
m: [1]
s: [1]
Insert command: 
Please enter the names of the players:

Turn Number: 1
k: [1]
z: [1]
h: [1]
Insert command: 
c===3
Turn Number: 1
k: [1]
z: [1]
h: [1]
Insert command: 
Please enter the names of the players:

Turn Number: 1
k: [1]
j: [1]
h: [1]
Insert command: 
<3 <3 <3
Turn Number: 1
k: [1]
j: [1]
h: [1]
Insert command: 
